{"level":"info","message":"GET /favicon.ico"}
{"level":"info","message":"POST /api/associate"}
{"level":"info","message":"POST /api/associate"}
{"level":"info","message":"POST /api/associate"}
{"level":"info","message":"POST /api/associate"}
{"level":"info","message":"POST /api/associate"}
{"level":"info","message":"POST /api/associate"}
{"level":"info","message":"POST /api/associate"}
{"level":"info","message":"POST /api/associate"}
{"level":"info","message":"POST /api/associate"}
{"level":"info","message":"POST /api/associate"}
{"level":"info","message":"POST /api/associate"}
{"level":"info","message":"POST /api/associate"}
{"level":"info","message":"POST /api/associate"}
{"level":"info","message":"GET /products/search?productTitle=Product1&categoryTitle=Category1"}
{"level":"info","message":"GET /products/search?productTitle=Product3&categoryTitle=Category3"}
{"level":"info","message":"GET /products/search?productTitle=Product1&categoryTitle=Category1"}
{"level":"info","message":"GET /products/search?productTitle=Product2&categoryTitle=Category2"}
{"level":"info","message":"GET /products/search?productTitle=Product3&categoryTitle=Category3"}
{"level":"info","message":"GET /products/search?productTitle=Product1&categoryTitle=Category1"}
{"level":"info","message":"GET /products/search?productTitle=Product3&categoryTitle=Category3"}
{"level":"info","message":"GET /products/search?productTitle=Product1&categoryTitle=Category1"}
{"level":"info","message":"GET /products/search?productTitle=Product3&categoryTitle=Category3"}
{"level":"info","message":"GET /products/search?productTitle=Product1&categoryTitle=Category1"}
{"level":"info","message":"GET /products/search?productTitle=Product2&categoryTitle=Category2"}
{"level":"info","message":"GET /products/search?productTitle=Product3&categoryTitle=Category3"}
{"level":"info","message":"GET /products/search?productTitle=Product1&categoryTitle=Category1"}
{"level":"info","message":"GET /products/search?productTitle=Product2&categoryTitle=Category2"}
{"level":"info","message":"GET /products/search?productTitle=Product3&categoryTitle=Category3"}
{"level":"info","message":"GET /products/search?productTitle=Product1&categoryTitle=Category1"}
{"level":"info","message":"GET /products/search?productTitle=Product2&categoryTitle=Category2"}
{"level":"info","message":"GET /products/search?productTitle=Product3&categoryTitle=Category3"}
{"level":"info","message":"GET /api/products/search?productTitle=Produto%20Teste&categoryTitle=Categoria%20Teste"}
{"level":"info","message":"GET /api/products/search?productTitle=Produto%20Teste&categoryTitle=Categoria%20Teste"}
{"level":"info","message":"GET /api/products/search?productTitle=Produto%20Teste&categoryTitle=Categoria%20Teste"}
{"level":"info","message":"GET /api/products/search?productTitle=Produto%20Teste&categoryTitle=Categoria%20Teste"}
{"level":"info","message":"GET /api/products/search?productTitle=Produto%20Teste&categoryTitle=Categoria%20Teste"}
{"level":"info","message":"GET /api/products/search?productTitle=Produto%20Teste&categoryTitle=Categoria%20Teste"}
{"level":"info","message":"GET /api/products/search?productTitle=Produto%20Teste&categoryTitle=Categoria%20Teste"}
{"level":"info","message":"GET /api/products/search?productTitle=Produto%20Teste&categoryTitle=Categoria%20Teste"}
{"level":"info","message":"GET /api/products/search?productTitle=Produto%20Teste&categoryTitle=Categoria%20Teste"}
{"level":"info","message":"GET /api/products/search?productTitle=Produto%20Teste&categoryTitle=Categoria%20Teste"}
{"level":"info","message":"GET /api/products/search?productTitle=Produto%20Teste&categoryTitle=Categoria%20Teste"}
{"level":"info","message":"GET /api/products/search?productTitle=Produto%20Teste&categoryTitle=Categoria%20Teste"}
{"level":"info","message":"GET /api/products/search?productTitle=Produto%20Teste&categoryTitle=Categoria%20Teste"}
{"level":"info","message":"GET /api/products/search?productTitle=Produto%20Teste&categoryTitle=Categoria%20Teste"}
{"level":"info","message":"GET /api/products/search?productTitle=Produto%20Teste&categoryTitle=Categoria%20Teste"}
{"level":"info","message":"GET /api/products/search?productTitle=Produto%20Teste&categoryTitle=Categoria%20Teste"}
{"level":"info","message":"GET /api/products/search?productTitle=Produto%20Teste&categoryTitle=Categoria%20Teste"}
{"level":"info","message":"GET /api/products/search?productTitle=Produto%20Teste&categoryTitle=Categoria%20Teste"}
{"level":"info","message":"GET /api/products/search?productTitle=Produto%20Teste&categoryTitle=Categoria%20Teste"}
{"level":"info","message":"GET /api/products/search?productTitle=Produto%20Teste&categoryTitle=Categoria%20Teste"}
{"level":"info","message":"GET /api/products/search?productTitle=Produto%20Teste&categoryTitle=Categoria%20Teste"}
{"level":"info","message":"GET /api/products/search?productTitle=Produto%20Teste&categoryTitle=Categoria%20Teste"}
{"level":"info","message":"GET /api/products/search?productTitle=Produto%20Teste"}
{"level":"info","message":"GET /api/products/search?productTitle=Produto%20Teste"}
{"level":"info","message":"POST /categories"}
{"level":"info","message":"POST /categories"}
{"level":"info","message":"GET /api/category"}
{"level":"info","message":"POST /api/product/associate"}
{"level":"info","message":"GET /favicon.ico"}
